This is pdfTeX, Version 3.14159265-2.6-1.40.21 (TeX Live 2020) (preloaded format=pdflatex 2020.7.29)  8 SEP 2020 20:36
entering extended mode
 restricted \write18 enabled.
 %&-line parsing enabled.
**Untitled.tex
(./Untitled.tex
LaTeX2e <2020-02-02> patch level 5
L3 programming layer <2020-03-06>
(/usr/local/texlive/2020/texmf-dist/tex/platex/jsclasses/jsarticle.cls

! LaTeX Error: This file needs format `pLaTeX2e'
               but this is `LaTeX2e'.

See the LaTeX manual or LaTeX Companion for explanation.
Type  H <return>  for immediate help.
 ...                                              
                                                  
l.26 \NeedsTeXFormat{pLaTeX2e}
                              
The current input file will not be processed further,
because it was written for some other flavor of TeX.
You're in trouble here.  Try typing  <return>  to proceed.
If that doesn't work, type  X <return>  to quit.

)

! LaTeX3 Error: Backend request inconsistent with engine: using 'pdfmode'
(LaTeX3)        backend.

For immediate help type H <return>.
 ...                                              
                                                  
l.2      \begin{document}
                         

You have requested backend 'dvipdfmx', but this is not suitable for use with
the active engine. LaTeX3 will use the 'pdfmode' backend instead.


(/usr/local/texlive/2020/texmf-dist/tex/latex/l3backend/l3backend-pdfmode.def
File: l3backend-pdfmode.def 2020-06-29 L3 backend support: PDF mode
\l__kernel_color_stack_int=\count167
\l__pdf_internal_box=\box45
)
(./Untitled.aux)
\openout1 = `Untitled.aux'.

LaTeX Font Info:    Checking defaults for OML/cmm/m/it on input line 2.
LaTeX Font Info:    ... okay on input line 2.
LaTeX Font Info:    Checking defaults for OMS/cmsy/m/n on input line 2.
LaTeX Font Info:    ... okay on input line 2.
LaTeX Font Info:    Checking defaults for OT1/cmr/m/n on input line 2.
LaTeX Font Info:    ... okay on input line 2.
LaTeX Font Info:    Checking defaults for T1/cmr/m/n on input line 2.
LaTeX Font Info:    ... okay on input line 2.
LaTeX Font Info:    Checking defaults for TS1/cmr/m/n on input line 2.
LaTeX Font Info:    ... okay on input line 2.
LaTeX Font Info:    Checking defaults for OMX/cmex/m/n on input line 2.
LaTeX Font Info:    ... okay on input line 2.
LaTeX Font Info:    Checking defaults for U/cmr/m/n on input line 2.
LaTeX Font Info:    ... okay on input line 2.


! LaTeX Error: The font size command \normalsize is not defined:
               there is probably something wrong with the class file.

See the LaTeX manual or LaTeX Companion for explanation.
Type  H <return>  for immediate help.
 ...                                              
                                                  
l.2      \begin{document}
                         
Your command was ignored.
Type  I <command> <return>  to replace it with another command,
or  <return>  to continue without it.


! Package inputenc Error: Unicode character å¾ (U+543E)
(inputenc)                not set up for use with LaTeX.

See the inputenc package documentation for explanation.
Type  H <return>  for immediate help.
 ...                                              
                                                  
l.3    å¾
          è¼©ã¯çŒ«ã§ã‚ã‚‹ã€‚åå‰ã¯ã¾ã ç„¡ã„ã€‚
You may provide a definition with
\DeclareUnicodeCharacter 


! Package inputenc Error: Unicode character è¼© (U+8F29)
(inputenc)                not set up for use with LaTeX.

See the inputenc package documentation for explanation.
Type  H <return>  for immediate help.
 ...                                              
                                                  
l.3    å¾è¼©
             ã¯çŒ«ã§ã‚ã‚‹ã€‚åå‰ã¯ã¾ã ç„¡ã„ã€‚
You may provide a definition with
\DeclareUnicodeCharacter 


! Package inputenc Error: Unicode character ã¯ (U+306F)
(inputenc)                not set up for use with LaTeX.

See the inputenc package documentation for explanation.
Type  H <return>  for immediate help.
 ...                                              
                                                  
l.3    å¾è¼©ã¯
                çŒ«ã§ã‚ã‚‹ã€‚åå‰ã¯ã¾ã ç„¡ã„ã€‚
You may provide a definition with
\DeclareUnicodeCharacter 


! Package inputenc Error: Unicode character çŒ« (U+732B)
(inputenc)                not set up for use with LaTeX.

See the inputenc package documentation for explanation.
Type  H <return>  for immediate help.
 ...                                              
                                                  
l.3    å¾è¼©ã¯çŒ«
                   ã§ã‚ã‚‹ã€‚åå‰ã¯ã¾ã ç„¡ã„ã€‚
You may provide a definition with
\DeclareUnicodeCharacter 


! Package inputenc Error: Unicode character ã§ (U+3067)
(inputenc)                not set up for use with LaTeX.

See the inputenc package documentation for explanation.
Type  H <return>  for immediate help.
 ...                                              
                                                  
l.3    å¾è¼©ã¯çŒ«ã§
                      ã‚ã‚‹ã€‚åå‰ã¯ã¾ã ç„¡ã„ã€‚
You may provide a definition with
\DeclareUnicodeCharacter 


! Package inputenc Error: Unicode character ã‚ (U+3042)
(inputenc)                not set up for use with LaTeX.

See the inputenc package documentation for explanation.
Type  H <return>  for immediate help.
 ...                                              
                                                  
l.3    å¾è¼©ã¯çŒ«ã§ã‚
                         ã‚‹ã€‚åå‰ã¯ã¾ã ç„¡ã„ã€‚
You may provide a definition with
\DeclareUnicodeCharacter 


! Package inputenc Error: Unicode character ã‚‹ (U+308B)
(inputenc)                not set up for use with LaTeX.

See the inputenc package documentation for explanation.
Type  H <return>  for immediate help.
 ...                                              
                                                  
l.3    å¾è¼©ã¯çŒ«ã§ã‚ã‚‹
                            ã€‚åå‰ã¯ã¾ã ç„¡ã„ã€‚
You may provide a definition with
\DeclareUnicodeCharacter 


! Package inputenc Error: Unicode character ã€‚ (U+3002)
(inputenc)                not set up for use with LaTeX.

See the inputenc package documentation for explanation.
Type  H <return>  for immediate help.
 ...                                              
                                                  
l.3    å¾è¼©ã¯çŒ«ã§ã‚ã‚‹ã€‚
                               åå‰ã¯ã¾ã ç„¡ã„ã€‚
You may provide a definition with
\DeclareUnicodeCharacter 


! Package inputenc Error: Unicode character å (U+540D)
(inputenc)                not set up for use with LaTeX.

See the inputenc package documentation for explanation.
Type  H <return>  for immediate help.
 ...                                              
                                                  
l.3    å¾è¼©ã¯çŒ«ã§ã‚ã‚‹ã€‚å
                                  å‰ã¯ã¾ã ç„¡ã„ã€‚
You may provide a definition with
\DeclareUnicodeCharacter 


! Package inputenc Error: Unicode character å‰ (U+524D)
(inputenc)                not set up for use with LaTeX.

See the inputenc package documentation for explanation.
Type  H <return>  for immediate help.
 ...                                              
                                                  
l.3    å¾è¼©ã¯çŒ«ã§ã‚ã‚‹ã€‚åå‰
                                     ã¯ã¾ã ç„¡ã„ã€‚
You may provide a definition with
\DeclareUnicodeCharacter 


! Package inputenc Error: Unicode character ã¯ (U+306F)
(inputenc)                not set up for use with LaTeX.

See the inputenc package documentation for explanation.
Type  H <return>  for immediate help.
 ...                                              
                                                  
l.3    å¾è¼©ã¯çŒ«ã§ã‚ã‚‹ã€‚åå‰ã¯
                                        ã¾ã ç„¡ã„ã€‚
You may provide a definition with
\DeclareUnicodeCharacter 


! Package inputenc Error: Unicode character ã¾ (U+307E)
(inputenc)                not set up for use with LaTeX.

See the inputenc package documentation for explanation.
Type  H <return>  for immediate help.
 ...                                              
                                                  
l.3    å¾è¼©ã¯çŒ«ã§ã‚ã‚‹ã€‚åå‰ã¯ã¾
                                           ã ç„¡ã„ã€‚
You may provide a definition with
\DeclareUnicodeCharacter 


! Package inputenc Error: Unicode character ã  (U+3060)
(inputenc)                not set up for use with LaTeX.

See the inputenc package documentation for explanation.
Type  H <return>  for immediate help.
 ...                                              
                                                  
l.3    å¾è¼©ã¯çŒ«ã§ã‚ã‚‹ã€‚åå‰ã¯ã¾ã 
                                              ç„¡ã„ã€‚
You may provide a definition with
\DeclareUnicodeCharacter 


! Package inputenc Error: Unicode character ç„¡ (U+7121)
(inputenc)                not set up for use with LaTeX.

See the inputenc package documentation for explanation.
Type  H <return>  for immediate help.
 ...                                              
                                                  
l.3    å¾è¼©ã¯çŒ«ã§ã‚ã‚‹ã€‚åå‰ã¯ã¾ã ç„¡
                                                 ã„ã€‚
You may provide a definition with
\DeclareUnicodeCharacter 


! Package inputenc Error: Unicode character ã„ (U+3044)
(inputenc)                not set up for use with LaTeX.

See the inputenc package documentation for explanation.
Type  H <return>  for immediate help.
 ...                                              
                                                  
l.3 ...¾è¼©ã¯çŒ«ã§ã‚ã‚‹ã€‚åå‰ã¯ã¾ã ç„¡ã„
                                                  ã€‚
You may provide a definition with
\DeclareUnicodeCharacter 


! Package inputenc Error: Unicode character ã€‚ (U+3002)
(inputenc)                not set up for use with LaTeX.

See the inputenc package documentation for explanation.
Type  H <return>  for immediate help.
 ...                                              
                                                  
l.3 ...©ã¯çŒ«ã§ã‚ã‚‹ã€‚åå‰ã¯ã¾ã ç„¡ã„ã€‚
                                                  
You may provide a definition with
\DeclareUnicodeCharacter 


! Package inputenc Error: Unicode character ã© (U+3069)
(inputenc)                not set up for use with LaTeX.

See the inputenc package documentation for explanation.
Type  H <return>  for immediate help.
 ...                                              
                                                  
l.4 ã©
       ã“ã§ç”Ÿã‚ŒãŸã‹ã¨ã‚“ã¨è¦‹å½“ãŒã¤ã‹ã¬ã€‚ ä½•ã§ã‚‚è–„æš—ã„ã...

You may provide a definition with
\DeclareUnicodeCharacter 


! Package inputenc Error: Unicode character ã“ (U+3053)
(inputenc)                not set up for use with LaTeX.

See the inputenc package documentation for explanation.
Type  H <return>  for immediate help.
 ...                                              
                                                  
l.4 ã©ã“
          ã§ç”Ÿã‚ŒãŸã‹ã¨ã‚“ã¨è¦‹å½“ãŒã¤ã‹ã¬ã€‚ ä½•ã§ã‚‚è–„æš—ã„ã...

You may provide a definition with
\DeclareUnicodeCharacter 


! Package inputenc Error: Unicode character ã§ (U+3067)
(inputenc)                not set up for use with LaTeX.

See the inputenc package documentation for explanation.
Type  H <return>  for immediate help.
 ...                                              
                                                  
l.4 ã©ã“ã§
             ç”Ÿã‚ŒãŸã‹ã¨ã‚“ã¨è¦‹å½“ãŒã¤ã‹ã¬ã€‚ ä½•ã§ã‚‚è–„æš—ã„ã...

You may provide a definition with
\DeclareUnicodeCharacter 


! Package inputenc Error: Unicode character ç”Ÿ (U+751F)
(inputenc)                not set up for use with LaTeX.

See the inputenc package documentation for explanation.
Type  H <return>  for immediate help.
 ...                                              
                                                  
l.4 ã©ã“ã§ç”Ÿ
                ã‚ŒãŸã‹ã¨ã‚“ã¨è¦‹å½“ãŒã¤ã‹ã¬ã€‚ ä½•ã§ã‚‚è–„æš—ã„ã...

You may provide a definition with
\DeclareUnicodeCharacter 


! Package inputenc Error: Unicode character ã‚Œ (U+308C)
(inputenc)                not set up for use with LaTeX.

See the inputenc package documentation for explanation.
Type  H <return>  for immediate help.
 ...                                              
                                                  
l.4 ã©ã“ã§ç”Ÿã‚Œ
                   ãŸã‹ã¨ã‚“ã¨è¦‹å½“ãŒã¤ã‹ã¬ã€‚ ä½•ã§ã‚‚è–„æš—ã„ã...

You may provide a definition with
\DeclareUnicodeCharacter 


! Package inputenc Error: Unicode character ãŸ (U+305F)
(inputenc)                not set up for use with LaTeX.

See the inputenc package documentation for explanation.
Type  H <return>  for immediate help.
 ...                                              
                                                  
l.4 ã©ã“ã§ç”Ÿã‚ŒãŸ
                      ã‹ã¨ã‚“ã¨è¦‹å½“ãŒã¤ã‹ã¬ã€‚ ä½•ã§ã‚‚è–„æš—ã„ã...

You may provide a definition with
\DeclareUnicodeCharacter 


! Package inputenc Error: Unicode character ã‹ (U+304B)
(inputenc)                not set up for use with LaTeX.

See the inputenc package documentation for explanation.
Type  H <return>  for immediate help.
 ...                                              
                                                  
l.4 ã©ã“ã§ç”Ÿã‚ŒãŸã‹
                         ã¨ã‚“ã¨è¦‹å½“ãŒã¤ã‹ã¬ã€‚ ä½•ã§ã‚‚è–„æš—ã„ã...

You may provide a definition with
\DeclareUnicodeCharacter 


! Package inputenc Error: Unicode character ã¨ (U+3068)
(inputenc)                not set up for use with LaTeX.

See the inputenc package documentation for explanation.
Type  H <return>  for immediate help.
 ...                                              
                                                  
l.4 ã©ã“ã§ç”Ÿã‚ŒãŸã‹ã¨
                            ã‚“ã¨è¦‹å½“ãŒã¤ã‹ã¬ã€‚ ä½•ã§ã‚‚è–„æš—ã„ã...

You may provide a definition with
\DeclareUnicodeCharacter 


! Package inputenc Error: Unicode character ã‚“ (U+3093)
(inputenc)                not set up for use with LaTeX.

See the inputenc package documentation for explanation.
Type  H <return>  for immediate help.
 ...                                              
                                                  
l.4 ã©ã“ã§ç”Ÿã‚ŒãŸã‹ã¨ã‚“
                               ã¨è¦‹å½“ãŒã¤ã‹ã¬ã€‚ ä½•ã§ã‚‚è–„æš—ã„ã...

You may provide a definition with
\DeclareUnicodeCharacter 


! Package inputenc Error: Unicode character ã¨ (U+3068)
(inputenc)                not set up for use with LaTeX.

See the inputenc package documentation for explanation.
Type  H <return>  for immediate help.
 ...                                              
                                                  
l.4 ã©ã“ã§ç”Ÿã‚ŒãŸã‹ã¨ã‚“ã¨
                                  è¦‹å½“ãŒã¤ã‹ã¬ã€‚ ä½•ã§ã‚‚è–„æš—ã„ã...

You may provide a definition with
\DeclareUnicodeCharacter 


! Package inputenc Error: Unicode character è¦‹ (U+898B)
(inputenc)                not set up for use with LaTeX.

See the inputenc package documentation for explanation.
Type  H <return>  for immediate help.
 ...                                              
                                                  
l.4 ã©ã“ã§ç”Ÿã‚ŒãŸã‹ã¨ã‚“ã¨è¦‹
                                     å½“ãŒã¤ã‹ã¬ã€‚ ä½•ã§ã‚‚è–„æš—ã„ã...

You may provide a definition with
\DeclareUnicodeCharacter 


! Package inputenc Error: Unicode character å½“ (U+5F53)
(inputenc)                not set up for use with LaTeX.

See the inputenc package documentation for explanation.
Type  H <return>  for immediate help.
 ...                                              
                                                  
l.4 ã©ã“ã§ç”Ÿã‚ŒãŸã‹ã¨ã‚“ã¨è¦‹å½“
                                        ãŒã¤ã‹ã¬ã€‚ ä½•ã§ã‚‚è–„æš—ã„ã...

You may provide a definition with
\DeclareUnicodeCharacter 


! Package inputenc Error: Unicode character ãŒ (U+304C)
(inputenc)                not set up for use with LaTeX.

See the inputenc package documentation for explanation.
Type  H <return>  for immediate help.
 ...                                              
                                                  
l.4 ã©ã“ã§ç”Ÿã‚ŒãŸã‹ã¨ã‚“ã¨è¦‹å½“ãŒ
                                           ã¤ã‹ã¬ã€‚ ä½•ã§ã‚‚è–„æš—ã„ã...

You may provide a definition with
\DeclareUnicodeCharacter 


! Package inputenc Error: Unicode character ã¤ (U+3064)
(inputenc)                not set up for use with LaTeX.

See the inputenc package documentation for explanation.
Type  H <return>  for immediate help.
 ...                                              
                                                  
l.4 ã©ã“ã§ç”Ÿã‚ŒãŸã‹ã¨ã‚“ã¨è¦‹å½“ãŒã¤
                                              ã‹ã¬ã€‚ ä½•ã§ã‚‚è–„æš—ã„ã...

You may provide a definition with
\DeclareUnicodeCharacter 


! Package inputenc Error: Unicode character ã‹ (U+304B)
(inputenc)                not set up for use with LaTeX.

See the inputenc package documentation for explanation.
Type  H <return>  for immediate help.
 ...                                              
                                                  
l.4 ã©ã“ã§ç”Ÿã‚ŒãŸã‹ã¨ã‚“ã¨è¦‹å½“ãŒã¤ã‹
                                                 ã¬ã€‚ ä½•ã§ã‚‚è–„æš—ã„ã...

You may provide a definition with
\DeclareUnicodeCharacter 


! Package inputenc Error: Unicode character ã¬ (U+306C)
(inputenc)                not set up for use with LaTeX.

See the inputenc package documentation for explanation.
Type  H <return>  for immediate help.
 ...                                              
                                                  
l.4 ...“ã§ç”Ÿã‚ŒãŸã‹ã¨ã‚“ã¨è¦‹å½“ãŒã¤ã‹ã¬
                                                  ã€‚ ä½•ã§ã‚‚è–„æš—ã„ã˜ã...

You may provide a definition with
\DeclareUnicodeCharacter 


! Package inputenc Error: Unicode character ã€‚ (U+3002)
(inputenc)                not set up for use with LaTeX.

See the inputenc package documentation for explanation.
Type  H <return>  for immediate help.
 ...                                              
                                                  
l.4 ...§ç”Ÿã‚ŒãŸã‹ã¨ã‚“ã¨è¦‹å½“ãŒã¤ã‹ã¬ã€‚
                                                   ä½•ã§ã‚‚è–„æš—ã„ã˜ã‚ã...

You may provide a definition with
\DeclareUnicodeCharacter 


! Package inputenc Error: Unicode character ä½• (U+4F55)
(inputenc)                not set up for use with LaTeX.

See the inputenc package documentation for explanation.
Type  H <return>  for immediate help.
 ...                                              
                                                  
l.4 ...ã‚ŒãŸã‹ã¨ã‚“ã¨è¦‹å½“ãŒã¤ã‹ã¬ã€‚ ä½•
                                                  ã§ã‚‚è–„æš—ã„ã˜ã‚ã˜ã‚...

You may provide a definition with
\DeclareUnicodeCharacter 


! Package inputenc Error: Unicode character ã§ (U+3067)
(inputenc)                not set up for use with LaTeX.

See the inputenc package documentation for explanation.
Type  H <return>  for immediate help.
 ...                                              
                                                  
l.4 ...ãŸã‹ã¨ã‚“ã¨è¦‹å½“ãŒã¤ã‹ã¬ã€‚ ä½•ã§
                                                  ã‚‚è–„æš—ã„ã˜ã‚ã˜ã‚ã...

You may provide a definition with
\DeclareUnicodeCharacter 


! Package inputenc Error: Unicode character ã‚‚ (U+3082)
(inputenc)                not set up for use with LaTeX.

See the inputenc package documentation for explanation.
Type  H <return>  for immediate help.
 ...                                              
                                                  
l.4 ...ã‹ã¨ã‚“ã¨è¦‹å½“ãŒã¤ã‹ã¬ã€‚ ä½•ã§ã‚‚
                                                  è–„æš—ã„ã˜ã‚ã˜ã‚ã—ã...

You may provide a definition with
\DeclareUnicodeCharacter 


! Package inputenc Error: Unicode character è–„ (U+8584)
(inputenc)                not set up for use with LaTeX.

See the inputenc package documentation for explanation.
Type  H <return>  for immediate help.
 ...                                              
                                                  
l.4 ...ã¨ã‚“ã¨è¦‹å½“ãŒã¤ã‹ã¬ã€‚ ä½•ã§ã‚‚è–„
                                                  æš—ã„ã˜ã‚ã˜ã‚ã—ãŸæ‰...

You may provide a definition with
\DeclareUnicodeCharacter 


! Package inputenc Error: Unicode character æš— (U+6697)
(inputenc)                not set up for use with LaTeX.

See the inputenc package documentation for explanation.
Type  H <return>  for immediate help.
 ...                                              
                                                  
l.4 ...ã‚“ã¨è¦‹å½“ãŒã¤ã‹ã¬ã€‚ ä½•ã§ã‚‚è–„æš—
                                                  ã„ã˜ã‚ã˜ã‚ã—ãŸæ‰€ã...

You may provide a definition with
\DeclareUnicodeCharacter 


! Package inputenc Error: Unicode character ã„ (U+3044)
(inputenc)                not set up for use with LaTeX.

See the inputenc package documentation for explanation.
Type  H <return>  for immediate help.
 ...                                              
                                                  
l.4 ...ã¨è¦‹å½“ãŒã¤ã‹ã¬ã€‚ ä½•ã§ã‚‚è–„æš—ã„
                                                  ã˜ã‚ã˜ã‚ã—ãŸæ‰€ã§ ã...

You may provide a definition with
\DeclareUnicodeCharacter 


! Package inputenc Error: Unicode character ã˜ (U+3058)
(inputenc)                not set up for use with LaTeX.

See the inputenc package documentation for explanation.
Type  H <return>  for immediate help.
 ...                                              
                                                  
l.4 ...è¦‹å½“ãŒã¤ã‹ã¬ã€‚ ä½•ã§ã‚‚è–„æš—ã„ã˜
                                                  ã‚ã˜ã‚ã—ãŸæ‰€ã§ ãƒ‹ã...

You may provide a definition with
\DeclareUnicodeCharacter 


! Package inputenc Error: Unicode character ã‚ (U+3081)
(inputenc)                not set up for use with LaTeX.

See the inputenc package documentation for explanation.
Type  H <return>  for immediate help.
 ...                                              
                                                  
l.4 ...å½“ãŒã¤ã‹ã¬ã€‚ ä½•ã§ã‚‚è–„æš—ã„ã˜ã‚
                                                  ã˜ã‚ã—ãŸæ‰€ã§ ãƒ‹ãƒ£ã...

You may provide a definition with
\DeclareUnicodeCharacter 


! Package inputenc Error: Unicode character ã˜ (U+3058)
(inputenc)                not set up for use with LaTeX.

See the inputenc package documentation for explanation.
Type  H <return>  for immediate help.
 ...                                              
                                                  
l.4 ...ãŒã¤ã‹ã¬ã€‚ ä½•ã§ã‚‚è–„æš—ã„ã˜ã‚ã˜
                                                  ã‚ã—ãŸæ‰€ã§ ãƒ‹ãƒ£ãƒ¼ã...

You may provide a definition with
\DeclareUnicodeCharacter 


! Package inputenc Error: Unicode character ã‚ (U+3081)
(inputenc)                not set up for use with LaTeX.

See the inputenc package documentation for explanation.
Type  H <return>  for immediate help.
 ...                                              
                                                  
l.4 ...ã¤ã‹ã¬ã€‚ ä½•ã§ã‚‚è–„æš—ã„ã˜ã‚ã˜ã‚
                                                  ã—ãŸæ‰€ã§ ãƒ‹ãƒ£ãƒ¼ãƒ‹ã...

You may provide a definition with
\DeclareUnicodeCharacter 


! Package inputenc Error: Unicode character ã— (U+3057)
(inputenc)                not set up for use with LaTeX.

See the inputenc package documentation for explanation.
Type  H <return>  for immediate help.
 ...                                              
                                                  
l.4 ...ã‹ã¬ã€‚ ä½•ã§ã‚‚è–„æš—ã„ã˜ã‚ã˜ã‚ã—
                                                  ãŸæ‰€ã§ ãƒ‹ãƒ£ãƒ¼ãƒ‹ãƒ£ã...

You may provide a definition with
\DeclareUnicodeCharacter 


! Package inputenc Error: Unicode character ãŸ (U+305F)
(inputenc)                not set up for use with LaTeX.

See the inputenc package documentation for explanation.
Type  H <return>  for immediate help.
 ...                                              
                                                  
l.4 ...ã¬ã€‚ ä½•ã§ã‚‚è–„æš—ã„ã˜ã‚ã˜ã‚ã—ãŸ
                                                  æ‰€ã§ ãƒ‹ãƒ£ãƒ¼ãƒ‹ãƒ£ãƒ¼æ...

You may provide a definition with
\DeclareUnicodeCharacter 


! Package inputenc Error: Unicode character æ‰€ (U+6240)
(inputenc)                not set up for use with LaTeX.

See the inputenc package documentation for explanation.
Type  H <return>  for immediate help.
 ...                                              
                                                  
l.4 ...ã€‚ ä½•ã§ã‚‚è–„æš—ã„ã˜ã‚ã˜ã‚ã—ãŸæ‰€
                                                  ã§ ãƒ‹ãƒ£ãƒ¼ãƒ‹ãƒ£ãƒ¼æ³£ã...

You may provide a definition with
\DeclareUnicodeCharacter 


! Package inputenc Error: Unicode character ã§ (U+3067)
(inputenc)                not set up for use with LaTeX.

See the inputenc package documentation for explanation.
Type  H <return>  for immediate help.
 ...                                              
                                                  
l.4 ... ä½•ã§ã‚‚è–„æš—ã„ã˜ã‚ã˜ã‚ã—ãŸæ‰€ã§
                                                   ãƒ‹ãƒ£ãƒ¼ãƒ‹ãƒ£ãƒ¼æ³£ã„ã...

You may provide a definition with
\DeclareUnicodeCharacter 


! Package inputenc Error: Unicode character ãƒ‹ (U+30CB)
(inputenc)                not set up for use with LaTeX.

See the inputenc package documentation for explanation.
Type  H <return>  for immediate help.
 ...                                              
                                                  
l.4 ...ã§ã‚‚è–„æš—ã„ã˜ã‚ã˜ã‚ã—ãŸæ‰€ã§ ãƒ‹
                                                  ãƒ£ãƒ¼ãƒ‹ãƒ£ãƒ¼æ³£ã„ã¦ã...

You may provide a definition with
\DeclareUnicodeCharacter 


! Package inputenc Error: Unicode character ãƒ£ (U+30E3)
(inputenc)                not set up for use with LaTeX.

See the inputenc package documentation for explanation.
Type  H <return>  for immediate help.
 ...                                              
                                                  
l.4 ...ã‚‚è–„æš—ã„ã˜ã‚ã˜ã‚ã—ãŸæ‰€ã§ ãƒ‹ãƒ£
                                                  ãƒ¼ãƒ‹ãƒ£ãƒ¼æ³£ã„ã¦ã„ã...

You may provide a definition with
\DeclareUnicodeCharacter 


! Package inputenc Error: Unicode character ãƒ¼ (U+30FC)
(inputenc)                not set up for use with LaTeX.

See the inputenc package documentation for explanation.
Type  H <return>  for immediate help.
 ...                                              
                                                  
l.4 ...è–„æš—ã„ã˜ã‚ã˜ã‚ã—ãŸæ‰€ã§ ãƒ‹ãƒ£ãƒ¼
                                                  ãƒ‹ãƒ£ãƒ¼æ³£ã„ã¦ã„ãŸäº...

You may provide a definition with
\DeclareUnicodeCharacter 


! Package inputenc Error: Unicode character ãƒ‹ (U+30CB)
(inputenc)                not set up for use with LaTeX.

See the inputenc package documentation for explanation.
Type  H <return>  for immediate help.
 ...                                              
                                                  
l.4 ...æš—ã„ã˜ã‚ã˜ã‚ã—ãŸæ‰€ã§ ãƒ‹ãƒ£ãƒ¼ãƒ‹
                                                  ãƒ£ãƒ¼æ³£ã„ã¦ã„ãŸäº‹ã...

You may provide a definition with
\DeclareUnicodeCharacter 


! Package inputenc Error: Unicode character ãƒ£ (U+30E3)
(inputenc)                not set up for use with LaTeX.

See the inputenc package documentation for explanation.
Type  H <return>  for immediate help.
 ...                                              
                                                  
l.4 ...ã„ã˜ã‚ã˜ã‚ã—ãŸæ‰€ã§ ãƒ‹ãƒ£ãƒ¼ãƒ‹ãƒ£
                                                  ãƒ¼æ³£ã„ã¦ã„ãŸäº‹ã ã...

You may provide a definition with
\DeclareUnicodeCharacter 


! Package inputenc Error: Unicode character ãƒ¼ (U+30FC)
(inputenc)                not set up for use with LaTeX.

See the inputenc package documentation for explanation.
Type  H <return>  for immediate help.
 ...                                              
                                                  
l.4 ...ã˜ã‚ã˜ã‚ã—ãŸæ‰€ã§ ãƒ‹ãƒ£ãƒ¼ãƒ‹ãƒ£ãƒ¼
                                                  æ³£ã„ã¦ã„ãŸäº‹ã ã‘ã...

You may provide a definition with
\DeclareUnicodeCharacter 


! Package inputenc Error: Unicode character æ³£ (U+6CE3)
(inputenc)                not set up for use with LaTeX.

See the inputenc package documentation for explanation.
Type  H <return>  for immediate help.
 ...                                              
                                                  
l.4 ...ã‚ã˜ã‚ã—ãŸæ‰€ã§ ãƒ‹ãƒ£ãƒ¼ãƒ‹ãƒ£ãƒ¼æ³£
                                                  ã„ã¦ã„ãŸäº‹ã ã‘ã¯è¨...

You may provide a definition with
\DeclareUnicodeCharacter 


! Package inputenc Error: Unicode character ã„ (U+3044)
(inputenc)                not set up for use with LaTeX.

See the inputenc package documentation for explanation.
Type  H <return>  for immediate help.
 ...                                              
                                                  
l.4 ...ã˜ã‚ã—ãŸæ‰€ã§ ãƒ‹ãƒ£ãƒ¼ãƒ‹ãƒ£ãƒ¼æ³£ã„
                                                  ã¦ã„ãŸäº‹ã ã‘ã¯è¨˜æ†...

You may provide a definition with
\DeclareUnicodeCharacter 


! Package inputenc Error: Unicode character ã¦ (U+3066)
(inputenc)                not set up for use with LaTeX.

See the inputenc package documentation for explanation.
Type  H <return>  for immediate help.
 ...                                              
                                                  
l.4 ...ã‚ã—ãŸæ‰€ã§ ãƒ‹ãƒ£ãƒ¼ãƒ‹ãƒ£ãƒ¼æ³£ã„ã¦
                                                  ã„ãŸäº‹ã ã‘ã¯è¨˜æ†¶ã...

You may provide a definition with
\DeclareUnicodeCharacter 


! Package inputenc Error: Unicode character ã„ (U+3044)
(inputenc)                not set up for use with LaTeX.

See the inputenc package documentation for explanation.
Type  H <return>  for immediate help.
 ...                                              
                                                  
l.4 ...ã—ãŸæ‰€ã§ ãƒ‹ãƒ£ãƒ¼ãƒ‹ãƒ£ãƒ¼æ³£ã„ã¦ã„
                                                  ãŸäº‹ã ã‘ã¯è¨˜æ†¶ã—ã...

You may provide a definition with
\DeclareUnicodeCharacter 


! Package inputenc Error: Unicode character ãŸ (U+305F)
(inputenc)                not set up for use with LaTeX.

See the inputenc package documentation for explanation.
Type  H <return>  for immediate help.
 ...                                              
                                                  
l.4 ...ãŸæ‰€ã§ ãƒ‹ãƒ£ãƒ¼ãƒ‹ãƒ£ãƒ¼æ³£ã„ã¦ã„ãŸ
                                                  äº‹ã ã‘ã¯è¨˜æ†¶ã—ã¦ã...

You may provide a definition with
\DeclareUnicodeCharacter 


! Package inputenc Error: Unicode character äº‹ (U+4E8B)
(inputenc)                not set up for use with LaTeX.

See the inputenc package documentation for explanation.
Type  H <return>  for immediate help.
 ...                                              
                                                  
l.4 ...æ‰€ã§ ãƒ‹ãƒ£ãƒ¼ãƒ‹ãƒ£ãƒ¼æ³£ã„ã¦ã„ãŸäº‹
                                                  ã ã‘ã¯è¨˜æ†¶ã—ã¦ã„ã‚...

You may provide a definition with
\DeclareUnicodeCharacter 


! Package inputenc Error: Unicode character ã  (U+3060)
(inputenc)                not set up for use with LaTeX.

See the inputenc package documentation for explanation.
Type  H <return>  for immediate help.
 ...                                              
                                                  
l.4 ...ã§ ãƒ‹ãƒ£ãƒ¼ãƒ‹ãƒ£ãƒ¼æ³£ã„ã¦ã„ãŸäº‹ã 
                                                  ã‘ã¯è¨˜æ†¶ã—ã¦ã„ã‚‹ã€...

You may provide a definition with
\DeclareUnicodeCharacter 


! Package inputenc Error: Unicode character ã‘ (U+3051)
(inputenc)                not set up for use with LaTeX.

See the inputenc package documentation for explanation.
Type  H <return>  for immediate help.
 ...                                              
                                                  
l.4 ... ãƒ‹ãƒ£ãƒ¼ãƒ‹ãƒ£ãƒ¼æ³£ã„ã¦ã„ãŸäº‹ã ã‘
                                                  ã¯è¨˜æ†¶ã—ã¦ã„ã‚‹ã€‚ å...

You may provide a definition with
\DeclareUnicodeCharacter 


! Package inputenc Error: Unicode character ã¯ (U+306F)
(inputenc)                not set up for use with LaTeX.

See the inputenc package documentation for explanation.
Type  H <return>  for immediate help.
 ...                                              
                                                  
l.4 ...‹ãƒ£ãƒ¼ãƒ‹ãƒ£ãƒ¼æ³£ã„ã¦ã„ãŸäº‹ã ã‘ã¯
                                                  è¨˜æ†¶ã—ã¦ã„ã‚‹ã€‚ å¾è...

You may provide a definition with
\DeclareUnicodeCharacter 


! Package inputenc Error: Unicode character è¨˜ (U+8A18)
(inputenc)                not set up for use with LaTeX.

See the inputenc package documentation for explanation.
Type  H <return>  for immediate help.
 ...                                              
                                                  
l.4 ...£ãƒ¼ãƒ‹ãƒ£ãƒ¼æ³£ã„ã¦ã„ãŸäº‹ã ã‘ã¯è¨˜
                                                  æ†¶ã—ã¦ã„ã‚‹ã€‚ å¾è¼©ã...

You may provide a definition with
\DeclareUnicodeCharacter 


! Package inputenc Error: Unicode character æ†¶ (U+61B6)
(inputenc)                not set up for use with LaTeX.

See the inputenc package documentation for explanation.
Type  H <return>  for immediate help.
 ...                                              
                                                  
l.4 ...¼ãƒ‹ãƒ£ãƒ¼æ³£ã„ã¦ã„ãŸäº‹ã ã‘ã¯è¨˜æ†¶
                                                  ã—ã¦ã„ã‚‹ã€‚ å¾è¼©ã¯ã...

You may provide a definition with
\DeclareUnicodeCharacter 


! Package inputenc Error: Unicode character ã— (U+3057)
(inputenc)                not set up for use with LaTeX.

See the inputenc package documentation for explanation.
Type  H <return>  for immediate help.
 ...                                              
                                                  
l.4 ...‹ãƒ£ãƒ¼æ³£ã„ã¦ã„ãŸäº‹ã ã‘ã¯è¨˜æ†¶ã—
                                                  ã¦ã„ã‚‹ã€‚ å¾è¼©ã¯ã“ã...

You may provide a definition with
\DeclareUnicodeCharacter 


! Package inputenc Error: Unicode character ã¦ (U+3066)
(inputenc)                not set up for use with LaTeX.

See the inputenc package documentation for explanation.
Type  H <return>  for immediate help.
 ...                                              
                                                  
l.4 ...£ãƒ¼æ³£ã„ã¦ã„ãŸäº‹ã ã‘ã¯è¨˜æ†¶ã—ã¦
                                                  ã„ã‚‹ã€‚ å¾è¼©ã¯ã“ã“ã...

You may provide a definition with
\DeclareUnicodeCharacter 


! Package inputenc Error: Unicode character ã„ (U+3044)
(inputenc)                not set up for use with LaTeX.

See the inputenc package documentation for explanation.
Type  H <return>  for immediate help.
 ...                                              
                                                  
l.4 ...¼æ³£ã„ã¦ã„ãŸäº‹ã ã‘ã¯è¨˜æ†¶ã—ã¦ã„
                                                  ã‚‹ã€‚ å¾è¼©ã¯ã“ã“ã§å...

You may provide a definition with
\DeclareUnicodeCharacter 


! Package inputenc Error: Unicode character ã‚‹ (U+308B)
(inputenc)                not set up for use with LaTeX.

See the inputenc package documentation for explanation.
Type  H <return>  for immediate help.
 ...                                              
                                                  
l.4 ...£ã„ã¦ã„ãŸäº‹ã ã‘ã¯è¨˜æ†¶ã—ã¦ã„ã‚‹
                                                  ã€‚ å¾è¼©ã¯ã“ã“ã§å§‹ã...

You may provide a definition with
\DeclareUnicodeCharacter 


! Package inputenc Error: Unicode character ã€‚ (U+3002)
(inputenc)                not set up for use with LaTeX.

See the inputenc package documentation for explanation.
Type  H <return>  for immediate help.
 ...                                              
                                                  
l.4 ...„ã¦ã„ãŸäº‹ã ã‘ã¯è¨˜æ†¶ã—ã¦ã„ã‚‹ã€‚
                                                   å¾è¼©ã¯ã“ã“ã§å§‹ã‚ã...

You may provide a definition with
\DeclareUnicodeCharacter 


! Package inputenc Error: Unicode character å¾ (U+543E)
(inputenc)                not set up for use with LaTeX.

See the inputenc package documentation for explanation.
Type  H <return>  for immediate help.
 ...                                              
                                                  
l.4 ...ã„ãŸäº‹ã ã‘ã¯è¨˜æ†¶ã—ã¦ã„ã‚‹ã€‚ å¾
                                                  è¼©ã¯ã“ã“ã§å§‹ã‚ã¦äº...

You may provide a definition with
\DeclareUnicodeCharacter 


! Package inputenc Error: Unicode character è¼© (U+8F29)
(inputenc)                not set up for use with LaTeX.

See the inputenc package documentation for explanation.
Type  H <return>  for immediate help.
 ...                                              
                                                  
l.4 ...ãŸäº‹ã ã‘ã¯è¨˜æ†¶ã—ã¦ã„ã‚‹ã€‚ å¾è¼©
                                                  ã¯ã“ã“ã§å§‹ã‚ã¦äººé–...

You may provide a definition with
\DeclareUnicodeCharacter 


! Package inputenc Error: Unicode character ã¯ (U+306F)
(inputenc)                not set up for use with LaTeX.

See the inputenc package documentation for explanation.
Type  H <return>  for immediate help.
 ...                                              
                                                  
l.4 ...äº‹ã ã‘ã¯è¨˜æ†¶ã—ã¦ã„ã‚‹ã€‚ å¾è¼©ã¯
                                                  ã“ã“ã§å§‹ã‚ã¦äººé–“ã...

You may provide a definition with
\DeclareUnicodeCharacter 


! Package inputenc Error: Unicode character ã“ (U+3053)
(inputenc)                not set up for use with LaTeX.

See the inputenc package documentation for explanation.
Type  H <return>  for immediate help.
 ...                                              
                                                  
l.4 ...ã ã‘ã¯è¨˜æ†¶ã—ã¦ã„ã‚‹ã€‚ å¾è¼©ã¯ã“
                                                  ã“ã§å§‹ã‚ã¦äººé–“ã¨ã...

You may provide a definition with
\DeclareUnicodeCharacter 


! Package inputenc Error: Unicode character ã“ (U+3053)
(inputenc)                not set up for use with LaTeX.

See the inputenc package documentation for explanation.
Type  H <return>  for immediate help.
 ...                                              
                                                  
l.4 ...ã‘ã¯è¨˜æ†¶ã—ã¦ã„ã‚‹ã€‚ å¾è¼©ã¯ã“ã“
                                                  ã§å§‹ã‚ã¦äººé–“ã¨ã„ã...

You may provide a definition with
\DeclareUnicodeCharacter 


! Package inputenc Error: Unicode character ã§ (U+3067)
(inputenc)                not set up for use with LaTeX.

See the inputenc package documentation for explanation.
Type  H <return>  for immediate help.
 ...                                              
                                                  
l.4 ...ã¯è¨˜æ†¶ã—ã¦ã„ã‚‹ã€‚ å¾è¼©ã¯ã“ã“ã§
                                                  å§‹ã‚ã¦äººé–“ã¨ã„ã†ã‚...

You may provide a definition with
\DeclareUnicodeCharacter 


! Package inputenc Error: Unicode character å§‹ (U+59CB)
(inputenc)                not set up for use with LaTeX.

See the inputenc package documentation for explanation.
Type  H <return>  for immediate help.
 ...                                              
                                                  
l.4 ...è¨˜æ†¶ã—ã¦ã„ã‚‹ã€‚ å¾è¼©ã¯ã“ã“ã§å§‹
                                                  ã‚ã¦äººé–“ã¨ã„ã†ã‚‚ã...

You may provide a definition with
\DeclareUnicodeCharacter 


! Package inputenc Error: Unicode character ã‚ (U+3081)
(inputenc)                not set up for use with LaTeX.

See the inputenc package documentation for explanation.
Type  H <return>  for immediate help.
 ...                                              
                                                  
l.4 ...æ†¶ã—ã¦ã„ã‚‹ã€‚ å¾è¼©ã¯ã“ã“ã§å§‹ã‚
                                                  ã¦äººé–“ã¨ã„ã†ã‚‚ã®ã‚...

You may provide a definition with
\DeclareUnicodeCharacter 


! Package inputenc Error: Unicode character ã¦ (U+3066)
(inputenc)                not set up for use with LaTeX.

See the inputenc package documentation for explanation.
Type  H <return>  for immediate help.
 ...                                              
                                                  
l.4 ...ã—ã¦ã„ã‚‹ã€‚ å¾è¼©ã¯ã“ã“ã§å§‹ã‚ã¦
                                                  äººé–“ã¨ã„ã†ã‚‚ã®ã‚’è¦...

You may provide a definition with
\DeclareUnicodeCharacter 


! Package inputenc Error: Unicode character äºº (U+4EBA)
(inputenc)                not set up for use with LaTeX.

See the inputenc package documentation for explanation.
Type  H <return>  for immediate help.
 ...                                              
                                                  
l.4 ...ã¦ã„ã‚‹ã€‚ å¾è¼©ã¯ã“ã“ã§å§‹ã‚ã¦äºº
                                                  é–“ã¨ã„ã†ã‚‚ã®ã‚’è¦‹ã...

You may provide a definition with
\DeclareUnicodeCharacter 


! Package inputenc Error: Unicode character é–“ (U+9593)
(inputenc)                not set up for use with LaTeX.

See the inputenc package documentation for explanation.
Type  H <return>  for immediate help.
 ...                                              
                                                  
l.4 ...ã„ã‚‹ã€‚ å¾è¼©ã¯ã“ã“ã§å§‹ã‚ã¦äººé–“
                                                  ã¨ã„ã†ã‚‚ã®ã‚’è¦‹ãŸã€‚
You may provide a definition with
\DeclareUnicodeCharacter 


! Package inputenc Error: Unicode character ã¨ (U+3068)
(inputenc)                not set up for use with LaTeX.

See the inputenc package documentation for explanation.
Type  H <return>  for immediate help.
 ...                                              
                                                  
l.4 ...ã‚‹ã€‚ å¾è¼©ã¯ã“ã“ã§å§‹ã‚ã¦äººé–“ã¨
                                                  ã„ã†ã‚‚ã®ã‚’è¦‹ãŸã€‚
You may provide a definition with
\DeclareUnicodeCharacter 


! Package inputenc Error: Unicode character ã„ (U+3044)
(inputenc)                not set up for use with LaTeX.

See the inputenc package documentation for explanation.
Type  H <return>  for immediate help.
 ...                                              
                                                  
l.4 ...ã€‚ å¾è¼©ã¯ã“ã“ã§å§‹ã‚ã¦äººé–“ã¨ã„
                                                  ã†ã‚‚ã®ã‚’è¦‹ãŸã€‚
You may provide a definition with
\DeclareUnicodeCharacter 


! Package inputenc Error: Unicode character ã† (U+3046)
(inputenc)                not set up for use with LaTeX.

See the inputenc package documentation for explanation.
Type  H <return>  for immediate help.
 ...                                              
                                                  
l.4 ... å¾è¼©ã¯ã“ã“ã§å§‹ã‚ã¦äººé–“ã¨ã„ã†
                                                  ã‚‚ã®ã‚’è¦‹ãŸã€‚
You may provide a definition with
\DeclareUnicodeCharacter 


! Package inputenc Error: Unicode character ã‚‚ (U+3082)
(inputenc)                not set up for use with LaTeX.

See the inputenc package documentation for explanation.
Type  H <return>  for immediate help.
 ...                                              
                                                  
l.4 ...¾è¼©ã¯ã“ã“ã§å§‹ã‚ã¦äººé–“ã¨ã„ã†ã‚‚
                                                  ã®ã‚’è¦‹ãŸã€‚
You may provide a definition with
\DeclareUnicodeCharacter 


! Package inputenc Error: Unicode character ã® (U+306E)
(inputenc)                not set up for use with LaTeX.

See the inputenc package documentation for explanation.
Type  H <return>  for immediate help.
 ...                                              
                                                  
l.4 ...©ã¯ã“ã“ã§å§‹ã‚ã¦äººé–“ã¨ã„ã†ã‚‚ã®
                                                  ã‚’è¦‹ãŸã€‚
You may provide a definition with
\DeclareUnicodeCharacter 


! Package inputenc Error: Unicode character ã‚’ (U+3092)
(inputenc)                not set up for use with LaTeX.

See the inputenc package documentation for explanation.
Type  H <return>  for immediate help.
 ...                                              
                                                  
l.4 ...¯ã“ã“ã§å§‹ã‚ã¦äººé–“ã¨ã„ã†ã‚‚ã®ã‚’
                                                  è¦‹ãŸã€‚
You may provide a definition with
\DeclareUnicodeCharacter 


! Package inputenc Error: Unicode character è¦‹ (U+898B)
(inputenc)                not set up for use with LaTeX.

See the inputenc package documentation for explanation.
Type  H <return>  for immediate help.
 ...                                              
                                                  
l.4 ...“ã“ã§å§‹ã‚ã¦äººé–“ã¨ã„ã†ã‚‚ã®ã‚’è¦‹
                                                  ãŸã€‚
You may provide a definition with
\DeclareUnicodeCharacter 


! Package inputenc Error: Unicode character ãŸ (U+305F)
(inputenc)                not set up for use with LaTeX.

See the inputenc package documentation for explanation.
Type  H <return>  for immediate help.
 ...                                              
                                                  
l.4 ...“ã§å§‹ã‚ã¦äººé–“ã¨ã„ã†ã‚‚ã®ã‚’è¦‹ãŸ
                                                  ã€‚
You may provide a definition with
\DeclareUnicodeCharacter 


! Package inputenc Error: Unicode character ã€‚ (U+3002)
(inputenc)                not set up for use with LaTeX.

See the inputenc package documentation for explanation.
Type  H <return>  for immediate help.
 ...                                              
                                                  
l.4 ...§å§‹ã‚ã¦äººé–“ã¨ã„ã†ã‚‚ã®ã‚’è¦‹ãŸã€‚
                                                  
You may provide a definition with
\DeclareUnicodeCharacter 

(./Untitled.aux) ) 
Here is how much of TeX's memory you used:
 224 strings out of 480683
 4740 string characters out of 5904697
 236816 words of memory out of 5000000
 16132 multiletter control sequences out of 15000+600000
 532338 words of font info for 24 fonts, out of 8000000 for 9000
 1141 hyphenation exceptions out of 8191
 20i,1n,30p,244b,44s stack positions out of 5000i,500n,10000p,200000b,80000s

No pages of output.
PDF statistics:
 0 PDF objects out of 1000 (max. 8388607)
 0 named destinations out of 1000 (max. 500000)
 1 words of extra memory for PDF output out of 10000 (max. 10000000)

